[2024-10-13T17:37:24.584706+00:00] besuchermanagement.INFO: Besucher eingegangen: ID 1 [] []
[2024-10-13T17:38:18.380520+00:00] besuchermanagement.INFO: Benutzer eingeloggt: ptks [] []
[2024-10-13T17:41:16.380365+00:00] besuchermanagement.INFO: Besucher eingegangen: ID 2 [] []
[2024-10-13T17:45:21.302089+00:00] besuchermanagement.INFO: Besucher ausgecheckt: Visit ID 1 [] []
[2024-10-13T17:55:48.013751+00:00] besuchermanagement.INFO: Besucher eingegangen: ID 1 [] []
[2024-10-13T17:59:18.682834+00:00] besuchermanagement.INFO: Besucher ausgecheckt: Visit ID 2 [] []
[2024-10-13T19:08:17.994452+00:00] besuchermanagement.INFO: Besucher eingegangen: ID 2 via VisitorID [] []
[2024-10-13T19:08:41.741965+00:00] besuchermanagement.INFO: Besucher eingegangen: ID 3 [] []
[2024-10-13T19:10:55.513605+00:00] besuchermanagement.INFO: Besucher eingegangen: ID 3 via VisitorID [] []
[2024-10-13T19:11:28.608837+00:00] besuchermanagement.WARNING: Vorname, Nachname oder Besuchsgrund fehlt beim Check-In. [] []
[2024-10-13T19:11:59.678613+00:00] besuchermanagement.INFO: Besucher ausgecheckt: Visit ID 6 [] []
[2024-10-13T19:12:29.006876+00:00] besuchermanagement.WARNING: Ungültige Visit ID beim Check-Out. [] []
[2024-10-13T19:12:36.700458+00:00] besuchermanagement.WARNING: Ungültige Visit ID beim Check-Out. [] []
[2024-10-13T19:12:45.557474+00:00] besuchermanagement.WARNING: Ungültige Visit ID beim Check-Out. [] []
[2024-10-13T19:20:50.936151+00:00] besuchermanagement.WARNING: Besucher ID 1 ist bereits eingecheckt. [] []
[2024-10-13T19:21:07.766928+00:00] besuchermanagement.WARNING: Besucher ID 1 ist bereits eingecheckt. [] []
[2024-10-13T19:21:22.469943+00:00] besuchermanagement.INFO: Besucher eingegangen: ID 4 [] []
[2024-10-13T19:22:02.432523+00:00] besuchermanagement.WARNING: Ungültige oder bereits ausgecheckte Visit ID 8. [] []
[2024-10-13T19:22:16.001409+00:00] besuchermanagement.WARNING: Ungültige oder bereits ausgecheckte Visit ID 10. [] []
[2024-10-13T19:22:24.066205+00:00] besuchermanagement.WARNING: Ungültige oder bereits ausgecheckte Visit ID 2. [] []
[2024-10-13T19:22:34.516355+00:00] besuchermanagement.INFO: Alle Besuche ausgecheckt für Visitor ID 1 [] []
[2024-10-13T19:36:20.148902+00:00] besuchermanagement.INFO: Benutzer eingeloggt: ptks [] []
[2024-10-13T19:41:18.578727+00:00] besuchermanagement.INFO: Benutzer eingeloggt: ptks [] []
[2024-10-13T19:45:47.007577+00:00] besuchermanagement.INFO: Besucher eingegangen: ID 1 via VisitorID [] []
[2024-10-13T19:46:01.453107+00:00] besuchermanagement.INFO: Alle Besuche ausgecheckt für Visitor ID 1 [] []
[2024-10-13T19:47:56.882434+00:00] besuchermanagement.INFO: Besucher ausgecheckt: Visit ID 5 [] []
[2024-10-13T19:48:08.374613+00:00] besuchermanagement.INFO: Besucher ausgecheckt: Visit ID 7 [] []
[2024-10-13T19:48:11.995681+00:00] besuchermanagement.INFO: Besucher ausgecheckt: Visit ID 4 [] []
[2024-10-13T19:48:27.290788+00:00] besuchermanagement.INFO: Besucher eingegangen: ID 1 via VisitorID [] []
[2024-10-13T20:19:20.053514+00:00] besuchermanagement.INFO: Besucher eingegangen: ID 2 via VisitorID [] []
[2024-10-13T20:19:27.784625+00:00] besuchermanagement.INFO: Besucher ausgecheckt: Visit ID 10 [] []
[2024-10-13T20:30:28.173306+00:00] besuchermanagement.INFO: Neuer Benutzer erstellt: tbst [] []
[2024-10-13T20:30:35.269901+00:00] besuchermanagement.INFO: Benutzer gelöscht: ID 2 [] []
[2024-10-13T20:30:51.797940+00:00] besuchermanagement.INFO: Neuer Benutzer erstellt: tbst [] []
[2024-10-13T21:04:17.866080+00:00] besuchermanagement.INFO: Besucher eingegangen: ID 2 via VisitorID [] []
[2024-10-13T21:04:37.238707+00:00] besuchermanagement.INFO: Besucher ausgecheckt: Visit ID 11 [] []
[2024-10-13T21:39:17.312110+00:00] besuchermanagement.INFO: Benutzer aktualisiert: ID 1 [] []
[2024-10-13T21:39:39.979932+00:00] besuchermanagement.INFO: Benutzer aktualisiert: ID 1 [] []
[2024-10-13T21:41:30.159458+00:00] besuchermanagement.INFO: Benutzer eingeloggt: ptks [] []
[2024-10-13T21:48:24.265478+00:00] besuchermanagement.WARNING: Ungültiger Login-Versuch für Benutzer: ptks [] []
[2024-10-13T21:48:31.044055+00:00] besuchermanagement.INFO: Benutzer eingeloggt: ptks [] []
[2024-10-13T21:52:41.578611+00:00] besuchermanagement.INFO: Benutzer aktualisiert: ID 1 [] []
[2024-10-13T21:52:44.802142+00:00] besuchermanagement.INFO: Benutzer aktualisiert: ID 1 [] []
[2024-10-13T21:52:52.963854+00:00] besuchermanagement.INFO: Benutzer aktualisiert: ID 1 [] []
[2024-10-13T21:53:19.988930+00:00] besuchermanagement.INFO: Benutzer aktualisiert: ID 1 [] []
[2024-10-13T21:55:25.405067+00:00] besuchermanagement.INFO: Benutzer aktualisiert: ID 1 [] []
[2024-10-13T22:07:14.692307+00:00] besuchermanagement.INFO: Benutzer aktualisiert: ID 1 [] []
[2024-10-13T22:08:25.792974+00:00] besuchermanagement.INFO: Neuer Benutzer erstellt: uelr [] []
[2024-10-13T22:10:14.217864+00:00] besuchermanagement.INFO: Benutzer aktualisiert: ID 4 [] []
[2024-10-13T22:10:47.291080+00:00] besuchermanagement.INFO: Benutzer aktualisiert: ID 4 [] []
[2024-10-13T22:10:56.125042+00:00] besuchermanagement.INFO: Benutzer aktualisiert: ID 4 [] []
[2024-10-13T22:11:08.662367+00:00] besuchermanagement.INFO: Benutzer eingeloggt: ptks [] []
[2024-10-13T22:11:29.650216+00:00] besuchermanagement.INFO: Neuer Benutzer erstellt: sesr [] []
[2024-10-13T22:58:30.908856+00:00] besuchermanagement.INFO: Besucher eingegangen: ID 2 via VisitorID [] []
[2024-10-13T22:58:35.726888+00:00] besuchermanagement.WARNING: Besucher ID 2 ist bereits eingecheckt. [] []
[2024-10-13T22:58:42.590847+00:00] besuchermanagement.INFO: Besucher eingegangen: ID 3 via VisitorID [] []
[2024-10-13T22:58:47.073230+00:00] besuchermanagement.INFO: Besucher eingegangen: ID 4 via VisitorID [] []
[2024-10-14T00:38:24.674901+00:00] besuchermanagement.INFO: PDF-Bericht erstellt. {"Berichtsart":"time","Startdatum":"2024-10-01 00:00:00","Enddatum":"2024-10-14 23:59:59","Anzahl Besuche":14} []
[2024-10-14T00:42:30.231780+00:00] besuchermanagement.INFO: PDF-Bericht erstellt. {"Berichtsart":"time","Startdatum":"2024-10-01 00:00:00","Enddatum":"2024-10-14 23:59:59","Anzahl Besuche":14} []
[2024-10-14T00:43:07.502712+00:00] besuchermanagement.INFO: Bericht im Backend angezeigt. {"Berichtsart":"time","Startdatum":"2024-10-01 00:00:00","Enddatum":"2024-10-14 23:59:59","Anzahl Besuche":14} []
[2024-10-14T00:45:15.337621+00:00] besuchermanagement.INFO: Bericht im Backend angezeigt. {"Berichtsart":"time","Startdatum":"2024-10-01 00:00:00","Enddatum":"2024-10-14 23:59:59","Anzahl Besuche":14} []
[2024-10-14T00:49:40.262698+00:00] besuchermanagement.INFO: PDF-Bericht erstellt. {"Berichtsart":"time","Startdatum":"2024-10-01 00:00:00","Enddatum":"2024-10-14 23:59:59","Anzahl Besuche":14} []
[2024-10-14T00:50:23.746467+00:00] besuchermanagement.INFO: PDF-Bericht erstellt. {"Berichtsart":"time","Startdatum":"2024-10-01 00:00:00","Enddatum":"2024-10-14 23:59:59","Anzahl Besuche":14} []
[2024-10-14T00:50:26.933302+00:00] besuchermanagement.INFO: PDF-Bericht erstellt. {"Berichtsart":"time","Startdatum":"2024-10-01 00:00:00","Enddatum":"2024-10-14 23:59:59","Anzahl Besuche":14} []
[2024-10-14T00:52:08.303908+00:00] besuchermanagement.INFO: Bericht im Backend angezeigt. {"Berichtsart":"time","Startdatum":"2024-10-01 00:00:00","Enddatum":"2024-10-14 23:59:59","Anzahl Besuche":14} []
[2024-10-14T00:52:09.780960+00:00] besuchermanagement.INFO: PDF-Bericht erstellt. {"Berichtsart":"time","Startdatum":"2024-10-01 00:00:00","Enddatum":"2024-10-14 23:59:59","Anzahl Besuche":14} []
[2024-10-14T00:52:47.520152+00:00] besuchermanagement.INFO: PDF-Bericht erstellt. {"Berichtsart":"time","Startdatum":"2024-10-01 00:00:00","Enddatum":"2024-10-14 23:59:59","Anzahl Besuche":14} []
[2024-10-14T00:52:56.173514+00:00] besuchermanagement.INFO: Bericht im Backend angezeigt. {"Berichtsart":"time","Startdatum":"2024-10-01 00:00:00","Enddatum":"2024-10-14 23:59:59","Anzahl Besuche":14} []
[2024-10-14T00:52:57.388459+00:00] besuchermanagement.INFO: PDF-Bericht erstellt. {"Berichtsart":"time","Startdatum":"2024-10-01 00:00:00","Enddatum":"2024-10-14 23:59:59","Anzahl Besuche":14} []
[2024-10-14T00:53:59.966025+00:00] besuchermanagement.INFO: PDF-Bericht erstellt. {"Berichtsart":"time","Startdatum":"2024-10-01 00:00:00","Enddatum":"2024-10-14 23:59:59","Anzahl Besuche":14} []
[2024-10-14T00:56:13.327964+00:00] besuchermanagement.INFO: PDF-Bericht erstellt. {"Berichtsart":"time","Startdatum":"2024-10-01 00:00:00","Enddatum":"2024-10-14 23:59:59","Anzahl Besuche":14} []
[2024-10-14T00:57:53.516537+00:00] besuchermanagement.INFO: PDF-Bericht erstellt. {"Berichtsart":"time","Startdatum":"2024-10-01 00:00:00","Enddatum":"2024-10-14 23:59:59","Anzahl Besuche":14} []
[2024-10-14T00:58:51.044454+00:00] besuchermanagement.INFO: PDF-Bericht erstellt. {"Berichtsart":"time","Startdatum":"2024-10-01 00:00:00","Enddatum":"2024-10-14 23:59:59","Anzahl Besuche":14} []
[2024-10-14T00:59:46.194089+00:00] besuchermanagement.INFO: PDF-Bericht erstellt. {"Berichtsart":"time","Startdatum":"2024-10-01 00:00:00","Enddatum":"2024-10-14 23:59:59","Anzahl Besuche":14} []
[2024-10-14T01:00:31.082183+00:00] besuchermanagement.INFO: PDF-Bericht erstellt. {"Berichtsart":"time","Startdatum":"2024-10-01 00:00:00","Enddatum":"2024-10-14 23:59:59","Anzahl Besuche":14} []
[2024-10-14T01:01:12.976800+00:00] besuchermanagement.INFO: PDF-Bericht erstellt. {"Berichtsart":"time","Startdatum":"2024-10-01 00:00:00","Enddatum":"2024-10-14 23:59:59","Anzahl Besuche":14} []
[2024-10-14T01:01:15.926115+00:00] besuchermanagement.INFO: PDF-Bericht erstellt. {"Berichtsart":"time","Startdatum":"2024-10-01 00:00:00","Enddatum":"2024-10-14 23:59:59","Anzahl Besuche":14} []
[2024-10-14T01:01:58.578961+00:00] besuchermanagement.INFO: PDF-Bericht erstellt. {"Berichtsart":"time","Startdatum":"2024-10-01 00:00:00","Enddatum":"2024-10-14 23:59:59","Anzahl Besuche":14} []
[2024-10-14T01:03:02.078683+00:00] besuchermanagement.INFO: PDF-Bericht erstellt. {"Berichtsart":"time","Startdatum":"2024-10-01 00:00:00","Enddatum":"2024-10-14 23:59:59","Anzahl Besuche":14} []
[2024-10-14T01:03:13.900137+00:00] besuchermanagement.INFO: PDF-Bericht erstellt. {"Berichtsart":"time","Startdatum":"2024-10-01 00:00:00","Enddatum":"2024-10-14 23:59:59","Anzahl Besuche":14} []
[2024-10-14T01:04:03.483773+00:00] besuchermanagement.INFO: PDF-Bericht erstellt. {"Berichtsart":"time","Startdatum":"2024-10-01 00:00:00","Enddatum":"2024-10-14 23:59:59","Anzahl Besuche":14} []
[2024-10-14T01:05:19.125110+00:00] besuchermanagement.INFO: PDF-Bericht erstellt. {"Berichtsart":"time","Startdatum":"2024-10-01 00:00:00","Enddatum":"2024-10-14 23:59:59","Anzahl Besuche":14} []
[2024-10-14T01:05:51.674467+00:00] besuchermanagement.INFO: PDF-Bericht erstellt. {"Berichtsart":"time","Startdatum":"2024-10-01 00:00:00","Enddatum":"2024-10-14 23:59:59","Anzahl Besuche":14} []
[2024-10-14T01:09:13.109880+00:00] besuchermanagement.INFO: PDF-Bericht erstellt. {"Berichtsart":"time","Startdatum":"2024-10-01 00:00:00","Enddatum":"2024-10-14 23:59:59","Anzahl Besuche":14} []
[2024-10-14T01:11:55.077930+00:00] besuchermanagement.INFO: HTML-Bericht im Backend angezeigt. {"Berichtsart":"time","Startdatum":"2024-10-01 00:00:00","Enddatum":"2024-10-14 23:59:59","Anzahl Besuche":14} []
[2024-10-14T01:11:57.612278+00:00] besuchermanagement.INFO: PDF-Bericht wird erstellt. {"Berichtsart":"time","Startdatum":"2024-10-01 00:00:00","Enddatum":"2024-10-14 23:59:59","Anzahl Besuche":14} []
[2024-10-14T01:14:11.274186+00:00] besuchermanagement.INFO: PDF-Bericht wird erstellt. {"Berichtsart":"time","Startdatum":"2024-10-01 00:00:00","Enddatum":"2024-10-14 23:59:59","Anzahl Besuche":14} []
[2024-10-14T01:14:11.274470+00:00] besuchermanagement.ERROR: Logo nicht gefunden: /var/www/besuchermanagement/assets/pdf-vorlagen/logo.png [] []
[2024-10-14T01:14:11.274582+00:00] besuchermanagement.INFO: Tabellenkopf für den Bericht wurde erfolgreich hinzugefügt. [] []
[2024-10-14T01:14:11.274769+00:00] besuchermanagement.INFO: Berichtsinhalte erfolgreich ausgegeben. [] []
[2024-10-14T01:14:11.274807+00:00] besuchermanagement.INFO: Fußzeile für Seite 1 wurde erfolgreich hinzugefügt. [] []
